<?xml version="1.0" encoding="UTF-8"?>
<testng-results ignored="0" total="2" passed="2" failed="0" skipped="0">
  <reporter-output>
  </reporter-output>
  <suite started-at="2025-02-14T20:05:47 EST" name="FunctionalTestSuite" finished-at="2025-02-14T20:06:24 EST" duration-ms="37139">
    <groups>
    </groups>
    <test started-at="2025-02-14T20:05:47 EST" name="Test" finished-at="2025-02-14T20:06:24 EST" duration-ms="37139">
      <class name="testCases.TC001_LoginTest">
        <test-method is-config="true" signature="setup(java.lang.String)[pri:0, instance:testCases.TC001_LoginTest@3fed2870]" started-at="2025-02-14T20:06:16 EST" name="setup" finished-at="2025-02-14T20:06:23 EST" duration-ms="6826" status="PASS">
          <params>
            <param index="0">
              <value>
                <![CDATA[chrome]]>
              </value>
            </param>
          </params>
          <reporter-output>
          </reporter-output>
        </test-method> <!-- setup -->
        <test-method signature="verifylogin()[pri:0, instance:testCases.TC001_LoginTest@3fed2870]" started-at="2025-02-14T20:06:23 EST" name="verifylogin" finished-at="2025-02-14T20:06:24 EST" duration-ms="448" status="PASS">
          <reporter-output>
          </reporter-output>
        </test-method> <!-- verifylogin -->
        <test-method is-config="true" signature="teardown()[pri:0, instance:testCases.TC001_LoginTest@3fed2870]" started-at="2025-02-14T20:06:24 EST" name="teardown" finished-at="2025-02-14T20:06:24 EST" duration-ms="302" status="PASS">
          <reporter-output>
          </reporter-output>
        </test-method> <!-- teardown -->
      </class> <!-- testCases.TC001_LoginTest -->
      <class name="testCases.TC002AddProductCatalog">
        <test-method is-config="true" signature="setup(java.lang.String)[pri:0, instance:testCases.TC002AddProductCatalog@1e097d59]" started-at="2025-02-14T20:05:47 EST" name="setup" finished-at="2025-02-14T20:06:10 EST" duration-ms="23446" status="PASS">
          <params>
            <param index="0">
              <value>
                <![CDATA[chrome]]>
              </value>
            </param>
          </params>
          <reporter-output>
          </reporter-output>
        </test-method> <!-- setup -->
        <test-method signature="addproduct()[pri:0, instance:testCases.TC002AddProductCatalog@1e097d59]" started-at="2025-02-14T20:06:10 EST" name="addproduct" finished-at="2025-02-14T20:06:16 EST" duration-ms="5665" status="PASS">
          <reporter-output>
          </reporter-output>
        </test-method> <!-- addproduct -->
        <test-method is-config="true" signature="teardown()[pri:0, instance:testCases.TC002AddProductCatalog@1e097d59]" started-at="2025-02-14T20:06:16 EST" name="teardown" finished-at="2025-02-14T20:06:16 EST" duration-ms="311" status="PASS">
          <reporter-output>
          </reporter-output>
        </test-method> <!-- teardown -->
      </class> <!-- testCases.TC002AddProductCatalog -->
    </test> <!-- Test -->
  </suite> <!-- FunctionalTestSuite -->
</testng-results>
