<?xml version="1.0" encoding="UTF-8"?>
<!-- Generated by org.testng.reporters.JUnitXMLReporter -->
<testsuite ignored="0" hostname="SAANVI" failures="2" tests="3" name="Test" time="26.425" errors="0" timestamp="2025-02-17T10:32:44 EST">
  <testcase classname="testCases.TC002AddProductCatalog" name="addproduct" time="4.186"/>
  <testcase classname="testCases.TC001_LoginTest" name="verifylogin" time="0.0">
    <failure type="java.lang.RuntimeException" message="java.lang.Error: Unresolved compilation problems: 
	The local variable data may not have been initialized
	The local variable data may not have been initialized
">
      <![CDATA[java.lang.RuntimeException: java.lang.Error: Unresolved compilation problems: 
The local variable data may not have been initialized
The local variable data may not have been initialized

at java.base/java.util.ArrayList.forEach(ArrayList.java:1597)
Caused by: java.lang.Error: Unresolved compilation problems: 
The local variable data may not have been initialized
The local variable data may not have been initialized

at testCases.TC001_LoginTest.jsondata(TC001_LoginTest.java:41)
... 25 more
... Removed 30 stack frames]]>
    </failure>
  </testcase> <!-- verifylogin -->
  <testcase classname="testCases.TC003_Lodinddt" name="ddtlogin" time="0.0">
    <failure type="java.lang.RuntimeException" message="java.io.FileNotFoundException: .\testData\Opencart_LoginData.xlsx (The system cannot find the file specified)">
      <![CDATA[java.lang.RuntimeException: java.io.FileNotFoundException: .\testData\Opencart_LoginData.xlsx (The system cannot find the file specified)
at java.base/java.util.ArrayList.forEach(ArrayList.java:1597)
Caused by: java.io.FileNotFoundException: .\testData\Opencart_LoginData.xlsx (The system cannot find the file specified)
at java.base/java.io.FileInputStream.open0(Native Method)
at java.base/java.io.FileInputStream.open(FileInputStream.java:213)
at java.base/java.io.FileInputStream.<init>(FileInputStream.java:152)
at java.base/java.io.FileInputStream.<init>(FileInputStream.java:106)
at utilities.ExcelUtility.getRowCount(ExcelUtility.java:39)
at utilities.DataProviders.getData(DataProviders.java:16)
... 25 more
... Removed 30 stack frames]]>
    </failure>
  </testcase> <!-- ddtlogin -->
</testsuite> <!-- Test -->
