<?xml version="1.0" encoding="UTF-8"?>
<testng-results ignored="0" total="2" passed="2" failed="0" skipped="0">
  <reporter-output>
  </reporter-output>
  <suite started-at="2025-02-24T18:47:14 EST" name="FunctionalTestSuite" finished-at="2025-02-24T18:47:28 EST" duration-ms="13964">
    <groups>
    </groups>
    <test started-at="2025-02-24T18:47:14 EST" name="Test" finished-at="2025-02-24T18:47:28 EST" duration-ms="13964">
      <class name="testCases.TC001_LoginTest">
        <test-method is-config="true" signature="setup(java.lang.String)[pri:0, instance:testCases.TC001_LoginTest@14f5da2c]" started-at="2025-02-24T18:47:24 EST" name="setup" finished-at="2025-02-24T18:47:27 EST" duration-ms="3833" status="PASS">
          <params>
            <param index="0">
              <value>
                <![CDATA[chrome]]>
              </value>
            </param>
          </params>
          <reporter-output>
          </reporter-output>
        </test-method> <!-- setup -->
        <test-method signature="verifylogin()[pri:0, instance:testCases.TC001_LoginTest@14f5da2c]" started-at="2025-02-24T18:47:27 EST" name="verifylogin" finished-at="2025-02-24T18:47:28 EST" duration-ms="246" status="PASS">
          <reporter-output>
          </reporter-output>
        </test-method> <!-- verifylogin -->
        <test-method is-config="true" signature="teardown()[pri:0, instance:testCases.TC001_LoginTest@14f5da2c]" started-at="2025-02-24T18:47:28 EST" name="teardown" finished-at="2025-02-24T18:47:28 EST" duration-ms="142" status="PASS">
          <reporter-output>
          </reporter-output>
        </test-method> <!-- teardown -->
      </class> <!-- testCases.TC001_LoginTest -->
      <class name="testCases.TC002AddProductCatalog">
        <test-method is-config="true" signature="setup(java.lang.String)[pri:0, instance:testCases.TC002AddProductCatalog@5827af16]" started-at="2025-02-24T18:47:14 EST" name="setup" finished-at="2025-02-24T18:47:19 EST" duration-ms="5373" status="PASS">
          <params>
            <param index="0">
              <value>
                <![CDATA[chrome]]>
              </value>
            </param>
          </params>
          <reporter-output>
          </reporter-output>
        </test-method> <!-- setup -->
        <test-method signature="addproduct()[pri:0, instance:testCases.TC002AddProductCatalog@5827af16]" started-at="2025-02-24T18:47:19 EST" name="addproduct" finished-at="2025-02-24T18:47:23 EST" duration-ms="4083" status="PASS">
          <reporter-output>
          </reporter-output>
        </test-method> <!-- addproduct -->
        <test-method is-config="true" signature="teardown()[pri:0, instance:testCases.TC002AddProductCatalog@5827af16]" started-at="2025-02-24T18:47:23 EST" name="teardown" finished-at="2025-02-24T18:47:24 EST" duration-ms="220" status="PASS">
          <reporter-output>
          </reporter-output>
        </test-method> <!-- teardown -->
      </class> <!-- testCases.TC002AddProductCatalog -->
    </test> <!-- Test -->
  </suite> <!-- FunctionalTestSuite -->
</testng-results>
