<?xml version="1.0" encoding="UTF-8"?>
<testng-results ignored="0" total="2" passed="2" failed="0" skipped="0">
  <reporter-output>
  </reporter-output>
  <suite started-at="2025-02-14T15:14:42 EST" name="FunctionalTestSuite" finished-at="2025-02-14T15:15:02 EST" duration-ms="19555">
    <groups>
    </groups>
    <test started-at="2025-02-14T15:14:42 EST" name="Test" finished-at="2025-02-14T15:15:02 EST" duration-ms="19555">
      <class name="testCases.TC001_LoginTest">
        <test-method is-config="true" signature="setup(java.lang.String)[pri:0, instance:testCases.TC001_LoginTest@5e4bd84a]" started-at="2025-02-14T15:14:55 EST" name="setup" finished-at="2025-02-14T15:15:01 EST" duration-ms="6346" status="PASS">
          <params>
            <param index="0">
              <value>
                <![CDATA[chrome]]>
              </value>
            </param>
          </params>
          <reporter-output>
          </reporter-output>
        </test-method> <!-- setup -->
        <test-method signature="verifylogin()[pri:0, instance:testCases.TC001_LoginTest@5e4bd84a]" started-at="2025-02-14T15:15:01 EST" name="verifylogin" finished-at="2025-02-14T15:15:02 EST" duration-ms="425" status="PASS">
          <reporter-output>
          </reporter-output>
        </test-method> <!-- verifylogin -->
        <test-method is-config="true" signature="teardown()[pri:0, instance:testCases.TC001_LoginTest@5e4bd84a]" started-at="2025-02-14T15:15:02 EST" name="teardown" finished-at="2025-02-14T15:15:02 EST" duration-ms="211" status="PASS">
          <reporter-output>
          </reporter-output>
        </test-method> <!-- teardown -->
      </class> <!-- testCases.TC001_LoginTest -->
      <class name="testCases.TC002AddProductCatalog">
        <test-method is-config="true" signature="setup(java.lang.String)[pri:0, instance:testCases.TC002AddProductCatalog@3d1848cc]" started-at="2025-02-14T15:14:42 EST" name="setup" finished-at="2025-02-14T15:14:50 EST" duration-ms="7904" status="PASS">
          <params>
            <param index="0">
              <value>
                <![CDATA[chrome]]>
              </value>
            </param>
          </params>
          <reporter-output>
          </reporter-output>
        </test-method> <!-- setup -->
        <test-method signature="addproduct()[pri:0, instance:testCases.TC002AddProductCatalog@3d1848cc]" started-at="2025-02-14T15:14:50 EST" name="addproduct" finished-at="2025-02-14T15:14:55 EST" duration-ms="4384" status="PASS">
          <reporter-output>
          </reporter-output>
        </test-method> <!-- addproduct -->
        <test-method is-config="true" signature="teardown()[pri:0, instance:testCases.TC002AddProductCatalog@3d1848cc]" started-at="2025-02-14T15:14:55 EST" name="teardown" finished-at="2025-02-14T15:14:55 EST" duration-ms="224" status="PASS">
          <reporter-output>
          </reporter-output>
        </test-method> <!-- teardown -->
      </class> <!-- testCases.TC002AddProductCatalog -->
    </test> <!-- Test -->
  </suite> <!-- FunctionalTestSuite -->
</testng-results>
